Number of used processors (NPROC): 8.
Number of mesh partitions (NPART): 8.
Total Physical Memory = 15.92 Gb, Available Physical Memory = 7.75 Gb
Mesh generation started:	8.2.2018	21:20:11
-----------------------------------------------------------------------
Allocating meshes:
	CPU count: 8
	MESH 0:
		Sub-meshes count: 8
-----------------------------------------------------------------------
Current CPU = 0 sec
-----------------------------------------------------------------------
Geometries initialization:

Geometry database loading ...OK
-----------------------------------------------------------------------
Loading mesh settings (global/local)...
-----------------------------------------------------------------------
Number of geometries: 1
Geometry(0):
	Fluid..
	1 Body.
	1 Real body.
	Tolerance=1.45354e-005.
	15 Face(s).
		15 of b-spline type.
	20472 Triangle(s).
	0 Face(s) that have no ref faces
	10 Plane surface(s).
	1 Cylinder surface(s).
	2 Cone surface(s).
	2 Torus surface(s).
	21 Edge(s).
		21 of b-spline type.
	Geometry reading: 0.051 s.
	8 Reference Face(s).
	19788 Reference Triangles.
	GeometryRef reading: 0.011 s.
Last Geometry:
	Solid.
	Making hash and connectivity for geometry 0...
		CBodyGeom:
		Hash size: {40, 30, 40}.
		Mesh size: {10, 10, 10}.
		Hashing triangles...Ok.
		Making triangles connectivity...Ok. (0.045 s).
		Neighbour triangles: 100.00 % (good connect) - 0.00 % (bad connect). Min: 3. Max: 3.
		Done.
		CBodyGeomRef:
		Hashing triangles...Ok.
		Making triangles connectivity...Ok. (0.092 s).
		Neighbour triangles: Min: 2. Max: 3.
		Done.
	0.103 s.
Geometries reading and preparing has taken 0.173 s.

Mapped triangles:
Hashing geometries triangles
	Triangles num=20472
	Triangles box={-0.0783682  ,0.00441538  ,-0.0452677  ,0.0309329  ,-0.0167712  ,0.0660123  }
		3d-hash size is 128384 bytes
		Making triangles connectivity...Ok. (0.024 s).
		Neighbour triangles: 100.00 % (good connect) - 0.00 % (bad connect). Min: 3. Max: 3.
Hashing peculiar surfaces triangles
	Triangles num=135
	Triangles box={-0.0678248  ,-0.00612902  ,0.0307769  ,0.0307769  ,-0.00622797  ,0.0554686  }
		3d-hash size is 7888 bytes
	Triangles num=118
	Triangles box={-0.0609067  ,-0.0130461  ,-0.0451157  ,-0.0451157  ,0.000690224  ,0.0485509  }
		3d-hash size is 6964 bytes
Mapped triangles processed in 0.058 s.
-----------------------------------------------------------------------

Current CPU = 0 sec
Flow Simulation 2016  x64 / 3501 / MESHER ver. efd_15_1.3458_17.03.2016 

Project: D:\Documents\GitHub\Bald-Guy-From-Die-Hard\Engine Model\2\2.xmlconfig
Computer name:	DESKTOP-KH6BDH9
Operating system:	Windows 10 (or higher) (Version 10.0.16299)

SOLIDWORKS 2016 SP4.0

-----------------------------------------------------------------------
Mesh dimensions:
				I[0 ]=10
				I[1 ]=10
				I[2 ]=10
Solver refinement level	I[47]=0

Comp. domain size:
				a[0  ]=-0.0782856
				a[1  ]=0.00433276
				a[2  ]=-0.0451916
				a[3  ]=0.0308568
				a[4  ]=-0.0166886
				a[5  ]=0.0659297
Wall thickness		a[231]=0
Gap size			a[232]=1

Fluid calculated			1
Solid calculated			0
-----------------------------------------------------------------------
MESH: distribute base bricks among sub-meshes...
	Base bricks count               1000
	Sub-meshes  count               8
	Base bricks count per sub-mesh  125 (+0)
	Sub-mesh 0: 125 base brick(s), range [0, 9]-[0, 9]-[0, 1]
	Sub-mesh 1: 125 base brick(s), range [0, 9]-[0, 9]-[1, 2]
	Sub-mesh 2: 125 base brick(s), range [0, 9]-[0, 9]-[2, 3]
	Sub-mesh 3: 125 base brick(s), range [0, 9]-[0, 9]-[3, 4]
	Sub-mesh 4: 125 base brick(s), range [0, 9]-[0, 9]-[5, 6]
	Sub-mesh 5: 125 base brick(s), range [0, 9]-[0, 9]-[6, 7]
	Sub-mesh 6: 125 base brick(s), range [0, 9]-[0, 9]-[7, 8]
	Sub-mesh 7: 125 base brick(s), range [0, 9]-[0, 9]-[8, 9]
-----------------------------------------------------------------------
-----------------------------------------------------------------------
MESH: collecting ghosts in sub-meshes...
	Sub-mesh 0:
		Total  brick(s) 225
		Native brick(s) 125
		Inner  brick(s) 25
		Outer  brick(s) 100
		Ghost  brick(s) 100
	Sub-mesh 1:
		Total  brick(s) 325
		Native brick(s) 125
		Inner  brick(s) 0
		Outer  brick(s) 125
		Ghost  brick(s) 200
	Sub-mesh 2:
		Total  brick(s) 325
		Native brick(s) 125
		Inner  brick(s) 0
		Outer  brick(s) 125
		Ghost  brick(s) 200
	Sub-mesh 3:
		Total  brick(s) 325
		Native brick(s) 125
		Inner  brick(s) 0
		Outer  brick(s) 125
		Ghost  brick(s) 200
	Sub-mesh 4:
		Total  brick(s) 325
		Native brick(s) 125
		Inner  brick(s) 0
		Outer  brick(s) 125
		Ghost  brick(s) 200
	Sub-mesh 5:
		Total  brick(s) 325
		Native brick(s) 125
		Inner  brick(s) 0
		Outer  brick(s) 125
		Ghost  brick(s) 200
	Sub-mesh 6:
		Total  brick(s) 325
		Native brick(s) 125
		Inner  brick(s) 0
		Outer  brick(s) 125
		Ghost  brick(s) 200
	Sub-mesh 7:
		Total  brick(s) 225
		Native brick(s) 125
		Inner  brick(s) 25
		Outer  brick(s) 100
		Ghost  brick(s) 100
	Total brick(s) 1000
-----------------------------------------------------------------------
Setting regions...OK (0.001 s)
Base mesh info------------------
	2D flag  =0
	Period   =[0, 0, 0]
	Nx=10
		x[0]=-0.0782856
		x[1]=-0.0700211
		x[2]=-0.0617593
		x[3]=-0.0534975
		x[4]=-0.0452356
		x[5]=-0.0369738
		x[6]=-0.028712
		x[7]=-0.0204501
		x[8]=-0.0121883
		x[9]=-0.00392648
		x[10]=0.00433276
	Ny=10
		y[0]=-0.0451916
		y[1]=-0.0375847
		y[2]=-0.0299799
		y[3]=-0.022375
		y[4]=-0.0147702
		y[5]=-0.00716534
		y[6]=0.00043951
		y[7]=0.00804436
		y[8]=0.0156492
		y[9]=0.023254
		y[10]=0.0308568
	Nz=10
		z[0]=-0.0166886
		z[1]=-0.00842487
		z[2]=-0.000163038
		z[3]=0.00809879
		z[4]=0.0163606
		z[5]=0.0246225
		z[6]=0.0328843
		z[7]=0.0411461
		z[8]=0.049408
		z[9]=0.0576698
		z[10]=0.0659297
End of base mesh info---------
Input_mesh_settings--------------------------------
Settings 0----------------
	Scope: GLOBAL
	Type:	------MESHER_SETTINGS----------
	RefAllCells           =0
	RefFluidCells         =0
	RefPartCells          =0
	RefSolidCells         =0
	l_SSFR(Capture crit)  =1
	l_curv(Curvature crit)=0
	l_tol(Tolerance crit) =0
	UseChannelRef         =1
	  l_NCR               =1
	  N_gap               =5
	  Use d_NCR_min       =0
	  Use d_NCR_max       =0
	IgnoreThinChannelsHeight         =0
	--END_OF_MESHER_SETTINGS-------
End of input mesh settings-------------------------

-----------------------------------------------------------------------
Building geometries:
Building geometry Fluid.0.(0)...

-----------------------------------------------------------------------
Refining by triangulation...
Refinement input: 1000 bricks
Setting regions...OK (0.002 s)
	Re-balancing...
	Send and create bricks on destination sub meshes...
	Collecting ghosts...
	Balancing finished.
Refinement result: 1252 bricks (0.051 s)
Refinement input: 1252 bricks
Refinement result: 1252 bricks (0.001 s)
Collecting and processing rays...OK (0.096 s)
Capturing...OK (0.001 s)
Refining by triangulation takes 0.15 s
-----------------------------------------------------------------------

-----------------------------------------------------------------------
Refining peculiar surfaces...
0 surfaces refined
Refining peculiar surfaces takes 0 s
-----------------------------------------------------------------------
Collecting and processing rays...OK (0.013 s)
Capturing...OK (0.000 s)
Collecting and processing rays...OK (0.002 s)
Capturing...OK (0.000 s)
Collecting and processing rays...OK (0.002 s)
Capturing...OK (0.000 s)

-----------------------------------------------------------------------
Base mesh 1 Refining...
Refinement input: 1252 bricks
Refinement result: 1252 bricks (0.000 s)
Collecting and processing rays...OK (0.002 s)
Capturing...OK (0.000 s)
-----------------------------------------------------------------------
Refining channels...
FYI: CNarrowChannelRefiner::RefineChannels_PRLL: m_submesh_count=8
Refinement input: 1252 bricks
Setting regions...OK (0.002 s)
	Re-balancing...
	Send and create bricks on destination sub meshes...
	Collecting ghosts...
	Balancing finished.
Refinement result: 3037 bricks (0.010 s)
Collecting and processing rays...OK (0.036 s)
Capturing...OK (0.003 s)
FYI: m_iteration_count = 0
FYI: level1 statistics:
     level1_cnt_plus[1]=2040;		level1_cnt_minus[1]=0
     level1_cnt_plus[2]=0;		level1_cnt_minus[2]=0
     level1_cnt_plus[3]=0;		level1_cnt_minus[3]=0
     level1_cnt_plus[4]=0;		level1_cnt_minus[4]=0
     level1_cnt_plus[5]=0;		level1_cnt_minus[5]=0
     level1_cnt_plus[6]=0;		level1_cnt_minus[6]=0
     level1_cnt_plus[7]=0;		level1_cnt_minus[7]=0
     level1_cnt_plus[8]=0;		level1_cnt_minus[8]=0
     level1_cnt_plus[9]=0;		level1_cnt_minus[9]=0
Refinement input: 3037 bricks
Setting regions...OK (0.001 s)
Refinement result: 3044 bricks (0.004 s)
Collecting and processing rays...OK (0.001 s)
Capturing...OK (0.000 s)
FYI: m_iteration_count = 1
FYI: level1 statistics:
     level1_cnt_plus[1]=2048;		level1_cnt_minus[1]=0
     level1_cnt_plus[2]=0;		level1_cnt_minus[2]=0
     level1_cnt_plus[3]=0;		level1_cnt_minus[3]=0
     level1_cnt_plus[4]=0;		level1_cnt_minus[4]=0
     level1_cnt_plus[5]=0;		level1_cnt_minus[5]=0
     level1_cnt_plus[6]=0;		level1_cnt_minus[6]=0
     level1_cnt_plus[7]=0;		level1_cnt_minus[7]=0
     level1_cnt_plus[8]=0;		level1_cnt_minus[8]=0
     level1_cnt_plus[9]=0;		level1_cnt_minus[9]=0
FYI: m_iteration_count = 2
FYI: level1 statistics:
     level1_cnt_plus[1]=2048;		level1_cnt_minus[1]=0
     level1_cnt_plus[2]=0;		level1_cnt_minus[2]=0
     level1_cnt_plus[3]=0;		level1_cnt_minus[3]=0
     level1_cnt_plus[4]=0;		level1_cnt_minus[4]=0
     level1_cnt_plus[5]=0;		level1_cnt_minus[5]=0
     level1_cnt_plus[6]=0;		level1_cnt_minus[6]=0
     level1_cnt_plus[7]=0;		level1_cnt_minus[7]=0
     level1_cnt_plus[8]=0;		level1_cnt_minus[8]=0
     level1_cnt_plus[9]=0;		level1_cnt_minus[9]=0
FYI: level1 statistics:
     level1_cnt_plus[1]=2048;		level1_cnt_minus[1]=0
     level1_cnt_plus[2]=0;		level1_cnt_minus[2]=0
     level1_cnt_plus[3]=0;		level1_cnt_minus[3]=0
     level1_cnt_plus[4]=0;		level1_cnt_minus[4]=0
     level1_cnt_plus[5]=0;		level1_cnt_minus[5]=0
     level1_cnt_plus[6]=0;		level1_cnt_minus[6]=0
     level1_cnt_plus[7]=0;		level1_cnt_minus[7]=0
     level1_cnt_plus[8]=0;		level1_cnt_minus[8]=0
     level1_cnt_plus[9]=0;		level1_cnt_minus[9]=0
	CNarrowChannelRefiner::ChannelsResolution            function_total                0      = 0.209599 sec

-----------------------------------------------------------------------
U-shapes refinement...
Refinement input: 3044 bricks
Refinement result: 3044 bricks (0.001 s)
Collecting and processing rays...OK (0.001 s)
Capturing...OK (0.000 s)
-----------------------------------------------------------------------

-----------------------------------------------------------------------
Equi Distant Refiner:
Equi Distant Refiner takes 0.00 s
-----------------------------------------------------------------------
Building geometry takes 0.385 s
Geometry Fluid.0.
Total		3044
Partial	1000
Fluid		472
Solid		1572
Bad		0

/-Ray Intersection---------------/ Time	0.098 s
Calls			1027
CorrectRay Calls	0


Building geometries takes 0.385 s
-----------------------------------------------------------------------

-----------------------------------------------------------------------
PostBuilding geometries:
PostBuilding geometries takes 0 s
-----------------------------------------------------------------------
Defect ray count	0
FYI: CNarrowChannelRefiner::RedistributeLevel1_step_1: is finished
FYI: level1 statistics:
     level1_cnt_plus[1]=2048;		level1_cnt_minus[1]=0
     level1_cnt_plus[2]=0;		level1_cnt_minus[2]=0
     level1_cnt_plus[3]=0;		level1_cnt_minus[3]=0
     level1_cnt_plus[4]=0;		level1_cnt_minus[4]=0
     level1_cnt_plus[5]=0;		level1_cnt_minus[5]=0
     level1_cnt_plus[6]=0;		level1_cnt_minus[6]=0
     level1_cnt_plus[7]=0;		level1_cnt_minus[7]=0
     level1_cnt_plus[8]=0;		level1_cnt_minus[8]=0
     level1_cnt_plus[9]=0;		level1_cnt_minus[9]=0
FYI: CNarrowChannelRefiner::RedistributeLevel1_step_2: is started
FYI: CNarrowChannelRefiner::RedistributeLevel1_step_2: is finished
FYI: level1 statistics:
     level1_cnt_plus[1]=2184;		level1_cnt_minus[1]=0
     level1_cnt_plus[2]=0;		level1_cnt_minus[2]=0
     level1_cnt_plus[3]=0;		level1_cnt_minus[3]=0
     level1_cnt_plus[4]=0;		level1_cnt_minus[4]=0
     level1_cnt_plus[5]=0;		level1_cnt_minus[5]=0
     level1_cnt_plus[6]=0;		level1_cnt_minus[6]=0
     level1_cnt_plus[7]=0;		level1_cnt_minus[7]=0
     level1_cnt_plus[8]=0;		level1_cnt_minus[8]=0
     level1_cnt_plus[9]=0;		level1_cnt_minus[9]=0
FYI: CNarrowChannelRefiner::RedistributeLevel1_step_3: is started
FYI: CNarrowChannelRefiner::RedistributeLevel1_step_3: is finished
RedistributeLevel1 takes:
	CNarrowChannelRefiner::RedistributeLevel1            function_total                0      = 0.0727471 sec
FYI: level1 statistics:
     level1_cnt_plus[1]=2184;		level1_cnt_minus[1]=0
     level1_cnt_plus[2]=0;		level1_cnt_minus[2]=0
     level1_cnt_plus[3]=0;		level1_cnt_minus[3]=0
     level1_cnt_plus[4]=0;		level1_cnt_minus[4]=0
     level1_cnt_plus[5]=0;		level1_cnt_minus[5]=0
     level1_cnt_plus[6]=0;		level1_cnt_minus[6]=0
     level1_cnt_plus[7]=0;		level1_cnt_minus[7]=0
     level1_cnt_plus[8]=0;		level1_cnt_minus[8]=0
     level1_cnt_plus[9]=0;		level1_cnt_minus[9]=0
-----------------------------------------------------------------------
BCF-Builder Iteration: 0
Memory Working Set Current = 41.13 Mb, Memory Working Set Peak = 41.13 Mb
Loading geometries triangulation & x-stacks...OK
	Sub-mesh 0:
		Total  brick(s) 585
		Native brick(s) 379
		Inner  brick(s) 223
		Outer  brick(s) 156
		Ghost  brick(s) 206
	Sub-mesh 1:
		Total  brick(s) 788
		Native brick(s) 379
		Inner  brick(s) 20
		Outer  brick(s) 359
		Ghost  brick(s) 409
	Sub-mesh 2:
		Total  brick(s) 812
		Native brick(s) 379
		Inner  brick(s) 0
		Outer  brick(s) 379
		Ghost  brick(s) 433
	Sub-mesh 3:
		Total  brick(s) 820
		Native brick(s) 379
		Inner  brick(s) 0
		Outer  brick(s) 379
		Ghost  brick(s) 441
	Sub-mesh 4:
		Total  brick(s) 858
		Native brick(s) 386
		Inner  brick(s) 0
		Outer  brick(s) 386
		Ghost  brick(s) 472
	Sub-mesh 5:
		Total  brick(s) 796
		Native brick(s) 379
		Inner  brick(s) 0
		Outer  brick(s) 379
		Ghost  brick(s) 417
	Sub-mesh 6:
		Total  brick(s) 784
		Native brick(s) 379
		Inner  brick(s) 35
		Outer  brick(s) 344
		Ghost  brick(s) 405
	Sub-mesh 7:
		Total  brick(s) 577
		Native brick(s) 384
		Inner  brick(s) 239
		Outer  brick(s) 145
		Ghost  brick(s) 193
	Total brick(s) 3044

-----------------------------------------------------------------------
MSH (Real Geometry) format constructor:
Getting submesh brick sets...OK (0.001 s)
Level 1
	Inner time 0.106 s
	Outer Time 0.351 s
	Level Time 0.457 s
Level 0
	Inner time 0.004 s
	Outer Time 0.011 s
	Level Time 0.017 s

Brick parser time info:
	0.553 s - time_Run
		0.013 s - time_ConstructPoints
			0.011 s - time_ConstructPointsAddFind2
		0.010 s - time_ConstructPointsAndConnectsFromNb
		0.005 s - time_AddRibConnects
		0.061 s - time_ConstructBrickFacets
			0.023 s - time_CalculateQpoints
				0.005 s - time_AddFacetPoint_GetFacesQpoint
					0.000 s - time_GetFacesQpoint_UShaped
						0.000 s - time_GetFacesQpoint2
					0.000 s - time_GetFacesQpoint_AddEdgesToList
					0.004 s - time_Edge_GetClosestPointOn
					0.001 s - time_Edge_NewtonMethod
					0.000 s - time_GetFacesQpoint_ManyFinds
				0.017 s - time_AddFacetPoint_AddQPoint
					0.016 s - time_PointReverseEvaluate
				0.000 s - time_AddFacetPoint_AddFind2
		0.000 s - time_RemoveOddConnects
		0.009 s - time_TestConnectivity
		0.000 s - time_ValidateXeps
		0.014 s - time_ConstructFaceAs
		0.002 s - time_ConstructCvs
		0.001 s - time_ConstructFaceWs
		0.005 s - time_RealGeomAddQPoints
		0.003 s - time_RealGeomAddNewFaces
		0.000 s - time_RealGeomInitOppositeGeomFaceInd
		0.040 s - time_RealGeomApproxCurveFaces
		0.000 s - time_Enum1
		0.000 s - time_Enum2
		0.000 s - time_RealGeomCheckInvalidConnects
		0.377 s - time_RealGeomParameters
			0.116 s - time_CalculateParametersOfCv
			0.258 s - time_CalculateParametersOfFace
				0.042 s - time_CalculateRR
				0.215 s - time_CalculateRefFaceData
				0.001 s - time_CalculateLambdaProjection
			0.002 s - time_SetFacesOrientation
Result:
	Bricks number:                        3044

	Memory usage:                         0.695 MB
	Memory usage (per brick):             0.234 KB
	Construction time:                    0.505 s

	Topology features:
	------------------
	- High quality bricks                 100.00 % (3044)
	- Medium quality bricks                 0.00 % (0)
	- Bad quality bricks                    0.00 % (0)
	- Ribs corrected bricks                 0.00 % (0)
	- Points with geom-info (bricks)        0.00 % (0)
	- Points with closest-info (bricks)     1.97 % (60)
	- Triangulated by center (bricks)       0.00 % (0)
	- Facet w-faces mergings (bricks)       0.00 % (0)
	- To refine (bricks)                    0.00 % (0)

Memory Working Set Current = 47.99 Mb, Memory Working Set Peak = 61.47 Mb
-----------------------------------------------------------------------
-----------------------------------------------------------------------
MSH --> BCF format (Iteration 0)...
BCF collector...
	(0) Bcf collect time 0.083 s (789 avs, 513 fws)
	(1) Bcf collect time 0.080 s (1133 avs, 738 fws)
	(5) Bcf collect time 0.084 s (1173 avs, 759 fws)
	(7) Bcf collect time 0.077 s (803 avs, 571 fws)
	(6) Bcf collect time 0.085 s (1119 avs, 700 fws)
	(3) Bcf collect time 0.055 s (1167 avs, 718 fws)
	(2) Bcf collect time 0.085 s (1202 avs, 787 fws)
	(4) Bcf collect time 0.087 s (1173 avs, 647 fws)
	(6) Remove defect avs time 0.004 s
	(7) Remove defect avs time 0.005 s
	(3) Remove defect avs time 0.005 s
	(5) Remove defect avs time 0.004 s
	(1) Remove defect avs time 0.004 s
	(4) Remove defect avs time 0.004 s
	(2) Remove defect avs time 0.004 s
	(0) Remove defect avs time 0.004 s
Defect subdomain detector...
		1 subdomain(s) of gi=0 (real bodies = 1).
			Subdomain 0: 1660 av
		Get real subdoms time 0.000 s
		Mark defect subdomains by closed av...
		Mark by closed av time 0.000 s
		Mark defect subdomains by real bodies...
		0 defect subdomain(s) of gi=0.
	(5) Remove defect subdoms time 0.001 s
	(7) Remove defect subdoms time 0.001 s
	(6) Remove defect subdoms time 0.001 s
	(1) Remove defect subdoms time 0.001 s
	(3) Remove defect subdoms time 0.001 s
	(4) Remove defect subdoms time 0.001 s
	(2) Remove defect subdoms time 0.001 s
	(0) Remove defect subdoms time 0.001 s
NB-faces collector & conservator...
Sub-mesh 0.
	Conservated total=0 (bb-faces=0)
Sub-mesh 1.
	Conservated total=1 (bb-faces=0)
Sub-mesh 2.
	Conservated total=2 (bb-faces=0)
Sub-mesh 3.
	Conservated total=4 (bb-faces=0)
Sub-mesh 4.
	Conservated total=4 (bb-faces=0)
Sub-mesh 5.
	Conservated total=5 (bb-faces=0)
Sub-mesh 6.
	Conservated total=2 (bb-faces=0)
Sub-mesh 7.
	Conservated total=1 (bb-faces=0)
	(4) Bcf calc time 0.016 s
	(0) Bcf calc time 0.020 s
	(5) Bcf calc time 0.021 s
	(3) Bcf calc time 0.022 s
	(2) Bcf calc time 0.024 s
	(1) Bcf calc time 0.020 s
	(6) Bcf calc time 0.016 s
	(7) Bcf calc time 0.017 s
FACE_W optimizer ...
Sub-mesh 0.
	Before optimization total=1175 (fs=513, ff=0, ss=0)
	After  optimization total=1123 (fs=461, ff=0, ss=0)
Sub-mesh 1.
	Before optimization total=1614 (fs=738, ff=0, ss=0)
	After  optimization total=1447 (fs=571, ff=0, ss=0)
Sub-mesh 2.
	Before optimization total=1824 (fs=787, ff=0, ss=0)
	After  optimization total=1617 (fs=580, ff=0, ss=0)
Sub-mesh 3.
	Before optimization total=1643 (fs=718, ff=0, ss=0)
	After  optimization total=1414 (fs=489, ff=0, ss=0)
Sub-mesh 4.
	Before optimization total=1592 (fs=647, ff=0, ss=0)
	After  optimization total=1354 (fs=409, ff=0, ss=0)
Sub-mesh 5.
	Before optimization total=1737 (fs=759, ff=0, ss=0)
	After  optimization total=1531 (fs=553, ff=0, ss=0)
Sub-mesh 6.
	Before optimization total=1522 (fs=700, ff=0, ss=0)
	After  optimization total=1338 (fs=516, ff=0, ss=0)
Sub-mesh 7.
	Before optimization total=1227 (fs=571, ff=0, ss=0)
	After  optimization total=1197 (fs=541, ff=0, ss=0)
-----------------------------------------------------------------------
-----------------------------------------------------------------------
Merging BCF...
Merging bricks trees...OK (0.00 s)
Merging av data...OK (0.00 s)
Merging a-faces data (fluid)...
	New a-face count   4200
	Bound a-face count 769 (18.31 %)
Merging a-faces data takes 0.00 s
Merging a-faces data (solid)...
	New a-face count   7596
	Bound a-face count 1404 (18.48 %)
Merging a-faces data takes 0.00 s
Merging w-faces data...
	New w-face count   3334
	Bound w-face count 0 (0.00 %)
	Need fw-nb         3728 (111.82 %)
Merging w-faces data takes 0.02 s
Merging BCF takes (0.04 s)
-----------------------------------------------------------------------

-----------------------------------------------------------------------
Geometrical diagonal nb-faces collector (cpu_num=8)...
	Time=0.009s.
-----------------------------------------------------------------------
Fluid Subdom Constructor: 1 subdom(s).
	Remove nb-fw from diff subdomains (fs)...
		Diff subdomains cases         0

-----------------------------------------------------------------------
BCF CHECKSUM DATA (Mesh 0):

FACE_A Area Sum:   G.Fluid        0.0509246328721694
FACE_A Area Sum:   G.Solid        0.1802234475926531
FACE_W Area Sum:                  0.0572698958778855
FACE_W Nb   Sum:                  27004
FACE_W min curvatures sum:        -60083.73011589
FACE_W max curvatures sum:        3017367.93904269
AV Max Disbalance: G.Fluid        7.21404e-010 (cid=235, avid=22, pid=22)
AV Max Disbalance: G.Solid        2.15559e-012 (cid=235, avid=1903, pid=30)
-----------------------------------------------------------------------


-----------------------------------------------------------------------
MESHER TOPOLOGY DATA (Mesh 0):

BRICKS: Total                 3044
BRICKS: 1-CV                  1856
BRICKS: 2-CV                  1024
BRICKS: 3-CV                  164
BRICKS: Bad                   0

AV:     G.Total               4396
AV:     G.Fluid               1660
AV:     G.Solid               2736

AV:     G.Fluid Thin Profile    9.88 % (164)
AV:     G.Solid Thin Profile    0.00 % (0)

AV:     G.Fluid Thin For Mega   6.27 % (104)
AV:     G.Solid Thin For Mega   0.00 % (0)

AV:     G.Fluid Non-Convex     22.71 % (377)
AV:     G.Solid Non-Convex     24.63 % (674)

FACE_A: G.Fluid          (af) 4200 (partially opened 2360)
FACE_A: G.Solid          (as) 7596 (partially opened 2700)

FACE_W: G.Total                 3334        Brick/Bound
FACE_W: G.Fluid/Solid    (fs_g) 2302        0           
FACE_W: G.Fluid/Fluid    (ff_g) 0           0           
FACE_W: G.Solid/Solid    (ss_g) 0           0           
FACE_W: G.Fluid/External (fe_g) 0
FACE_W: G.Solid/External (se_g) 1032

AV max fa count:                18
AV max fw count:                7
AV max fw poly count:           7

MEMORY: Total                   1.799 MB
MEMORY: Per Brick               0.605 KB
-----------------------------------------------------------------------

-----------------------------------------------------------------------
Mega-cv constructor for fluid...
	 104 av's is treated as thin
Relative size generator (threshold = 0.05)...OK
	 110 mega-cv's generated
	 6 mega-cv's removed
Convert clusters:
	 104 mega-cv's total
-----------------------------------------------------------------------
Mixing plane rotation regions: NO.
Sliding mesh rotation regions: NO.
Fluid/fluid faces: NO.
----------------------------------------------------------
BCF --> BCF.GEOMSUBDOM (bridge arrays) (cpu_num=8):
MESH (0):
	Fluid Subdom Constructor: 1 subdom(s).
	Solid Subdom Constructor: 1 subdom(s).
	Net Asm Subdom Constructor: 0 subdom(s).
	GEOMSUBDOM (0): gi=0 fluid av=1660 cv=1544 fa=4200 fw=2302 V=7.411468e-005
	GEOMSUBDOM (1): gi=1 solid av=2736 cv=2736 fa=7596 fw=3334 V=4.449759e-004
	Setting nb of w-faces...OK.

MESH (0) checking:
	GEOMSUBDOM (0):fa_s=0.0509246328721693 fw_s=0.0184863400405770 fw_nb=22804
	GEOMSUBDOM (1):fa_s=0.1802234475926525 fw_s=0.0572698958778855 fw_nb=27004
MESH (0) checking: OK.
----------------------------------------------------------
-----------------------------------------------------------------------
Calculating curvature and tolerance criteria...
Curvature: min=0 max=2.87994
Tolerance: min=0 max=0.00404976
Calculating curvature and tolerance criteria takes 0.039 s
-----------------------------------------------------------------------
Current CPU = 1 sec

Nx=10
Ny=10
Nz=10
Max_RL=1
12. Saving initial mesh in: D:\Documents\GitHub\Bald-Guy-From-Die-Hard\Engine Model\2\2.fld .
Storing results...
Estimated CPT size=0.848 MB.
OK
Memory Working Set Current = 50.95 Mb, Memory Working Set Peak = 61.47 Mb
Cleaning memory...
Free Geometry DB takes 0.002 s
Copying... OK

------------------------------------------------------------------------------------------------------------
CPU report:
Function                                             CPU           descriptor                    nproc     
------------------------------------------------------------------------------------------------------------
GetGeometryFromSW                                    0.270 sec   function_total               
GetGeometryFromSW                                    0.062 sec   InitGeometryTriangles        
CMesh::PrepareMappedTriangles                        0.058 sec   function_total               
SwapGeometries                                       0.000 sec   function_total               
CMesh::PreBuild                                      0.004 sec   function_total               
SetBrickRegion                                       0.007 sec   function_total               
CMesh::Build                                         0.386 sec   function_total               
CMesh::BuildGeometry                                 0.385 sec   function_total               
ActivateAllCellsParameters                           0.000 sec   function_total               
RefineByTriangles                                    0.150 sec   function_total               
CaptureRefined                                       0.158 sec   function_total               
GetMultiRaysIntersections                            0.069 sec   full                         
CRayCollector::CorrectRays2                          0.080 sec   full                         
CRayCollector::CorrectRays2                          0.037 sec   collect_undefined            
CRayCollector::CorrectRays2                          0.040 sec   stage_2                      
RefinePeculiarSurfaces                               0.014 sec   function_total               
CNarrowChannelRefiner::ChannelsResolution            0.210 sec   function_total               
CNarrowChannelRefiner::RefineChannels_PRLL           0.209 sec   function_total               
CNarrowChannelRefiner::GetMainNormals                0.028 sec   function_total               
CNarrowChannelRefiner::GetMainNormals                0.024 sec   function_total               
CNarrowChannelRefiner::GetMainNormals                0.056 sec   function_total               
CNarrowChannelRefiner::GetMainNormals                0.132 sec   function_total               
CNarrowChannelRefiner::GetMainNormals                0.046 sec   function_total               
CNarrowChannelRefiner::GetMainNormals                0.079 sec   function_total               
CNarrowChannelRefiner::GetMainNormals                0.039 sec   function_total               
CNarrowChannelRefiner::GetMainNormals                0.022 sec   function_total               
CNarrowChannelRefiner::facade_bricks_of_brick_dirv   0.009 sec   function_total               
CNarrowChannelRefiner::facade_bricks_of_brick_dirv   0.019 sec   function_total               
CNarrowChannelRefiner::facade_bricks_of_brick_dirv   0.028 sec   function_total               
CNarrowChannelRefiner::facade_bricks_of_brick_dirv   0.028 sec   function_total               
CNarrowChannelRefiner::facade_bricks_of_brick_dirv   0.015 sec   function_total               
CNarrowChannelRefiner::facade_bricks_of_brick_dirv   0.031 sec   function_total               
CNarrowChannelRefiner::facade_bricks_of_brick_dirv   0.018 sec   function_total               
CNarrowChannelRefiner::facade_bricks_of_brick_dirv   0.015 sec   function_total               
CNarrowChannelRefiner::next_brick_on_ray             0.009 sec   function_total               
CNarrowChannelRefiner::next_brick_on_ray             0.018 sec   function_total               
CNarrowChannelRefiner::next_brick_on_ray             0.028 sec   function_total               
CNarrowChannelRefiner::next_brick_on_ray             0.027 sec   function_total               
CNarrowChannelRefiner::next_brick_on_ray             0.015 sec   function_total               
CNarrowChannelRefiner::next_brick_on_ray             0.030 sec   function_total               
CNarrowChannelRefiner::next_brick_on_ray             0.017 sec   function_total               
CNarrowChannelRefiner::next_brick_on_ray             0.015 sec   function_total               
CNarrowChannelRefiner::RefineChannels_PRLL           0.054 sec   NCR_execute_refinement       
CMesh::BuildGeometry                                 0.000 sec   equidistant_refiner          
CNarrowChannelRefiner::RedistributeLevel1            0.074 sec   function_total               
CTPBuilder::build_bcf                                0.716 sec   function_total               
CTPBuilder::bcf_builder                              0.703 sec   function_total               
LoadTrianglesAndXSL                                  0.000 sec   function_total               
CTPBuilder::collect_msh_format                       0.508 sec   function_total               
CTPBuilder::Run                                      0.135 sec   bcf_collect                  
CTPBuilder::Run                                      0.057 sec   bcf_merge                    
CTPBuilder::build_bcf                                0.004 sec   collect_mega_cv              
CTPBuilder::build_bcf                                0.008 sec   convert_to_mds_function      
CMesh::CalculateCurvatureAndToleranceCriteria        0.039 sec   function_total               
Store_Res_2                                          0.059 sec   function_total               
Freemem_CPT                                          0.017 sec   function_total               
------------------------------------------------------------------------------------------------------------

Mesh generation normally finished at	8.2.2018	21:20:12
Mesher CPU = 1 sec
Mesher is finished at	8.2.2018	21:20:12
